09:54:13.712 INFO  - Processing command line option -hwspec D:\Isidorcilo_Bojcilo\SDK\SDK_Export\hw\system.xml. 
10:09:12.049 INFO  - FPGA configured successfully with bitstream "D:/Isidorcilo_Bojcilo/SDK/SDK_Workspace/Isidorcilo_Bojcilo_hw_platform/download.bit" 
10:13:20.670 ERROR - Unexpected error while launching program. com.xilinx.sdk.targetmanager.TMException: MicroBlaze is under RESET. Check if the Reset input to MicroBlaze and its Bus Interfaces are connected properly
    UNABLE to STOP MicroBlaze

	at com.xilinx.sdk.targetmanager.internal.TM.connectToProcessor(Unknown Source)
	at com.xilinx.sdk.debug.core.internal.AppRunner.run(Unknown Source)

10:17:15.605 ERROR - Unexpected error while parsing XMD response ?: com.google.gson.JsonSyntaxException: com.google.gson.stream.MalformedJsonException: invalid number or unquoted string near  
10:23:51.038 INFO  - Processing command line option -hwspec D:\Isidorcilo_Bojcilo\SDK\SDK_Export\hw\system.xml. 
10:23:56.093 INFO  - Updating .bit and .bmm files from XPS's export folder. 
10:24:02.522 INFO  - Copied contents of D:\Isidorcilo_Bojcilo\SDK\SDK_Export\hw\system.bit into \Isidorcilo_Bojcilo_hw_platform\system.bit. 
10:24:02.522 INFO  - Copied contents of D:\Isidorcilo_Bojcilo\SDK\SDK_Export\hw\system_bd.bmm into \Isidorcilo_Bojcilo_hw_platform\system_bd.bmm. 
10:24:52.417 ERROR - Checking FPGA configuration failed..Connection to Board Failed

Failed to Scan JTAG Chain
    Unknown Error
 
10:25:48.617 ERROR - Checking FPGA configuration failed..Connection to Board Failed

Failed to Scan JTAG Chain
    Unknown Error
 
10:28:00.700 ERROR - Checking FPGA configuration failed..Connection to Board Failed

Failed to Scan JTAG Chain
    Unknown Error
 
10:28:33.763 ERROR - Checking FPGA configuration failed..Connection to Board Failed

Failed to Scan JTAG Chain
    Unknown Error
 
10:30:20.338 ERROR - Checking FPGA configuration failed..Connection to Board Failed

Failed to Scan JTAG Chain
    Unknown Error
 
10:31:24.774 ERROR - Checking FPGA configuration failed..Connection to Board Failed

Failed to Scan JTAG Chain
    Unknown Error
 
10:32:05.042 ERROR - Checking FPGA configuration failed..Connection to Board Failed

Failed to Scan JTAG Chain
    Unknown Error
 
10:32:31.774 ERROR - Checking FPGA configuration failed..Connection to Board Failed

Failed to Scan JTAG Chain
    Unknown Error
 
10:32:43.602 ERROR - Unexpected error while parsing XMD response ?: com.google.gson.JsonSyntaxException: com.google.gson.stream.MalformedJsonException: invalid number or unquoted string near  
